<?xml version="1.0" encoding="UTF-8"?>
<testng-results skipped="0" failed="0" ignored="0" total="2" passed="2">
  <reporter-output>
  </reporter-output>
  <suite name="Demo Test Suite for Jenkins Demo" duration-ms="3872" started-at="2022-02-06T11:11:09 IST" finished-at="2022-02-06T11:11:13 IST">
    <groups>
    </groups>
    <test name="Demo Test" duration-ms="3872" started-at="2022-02-06T11:11:09 IST" finished-at="2022-02-06T11:11:13 IST">
      <class name="testCases.DemoProgram">
        <test-method status="PASS" signature="demo_startBrowser()[pri:0, instance:testCases.DemoProgram@78ac1102]" name="demo_startBrowser" duration-ms="3837" started-at="2022-02-06T11:11:09 IST" finished-at="2022-02-06T11:11:13 IST">
          <reporter-output>
          </reporter-output>
        </test-method> <!-- demo_startBrowser -->
      </class> <!-- testCases.DemoProgram -->
      <class name="testCases.HelloWorldTest">
        <test-method status="PASS" signature="display()[pri:0, instance:testCases.HelloWorldTest@25bbf683]" name="display" duration-ms="0" started-at="2022-02-06T11:11:13 IST" finished-at="2022-02-06T11:11:13 IST">
          <reporter-output>
          </reporter-output>
        </test-method> <!-- display -->
      </class> <!-- testCases.HelloWorldTest -->
    </test> <!-- Demo Test -->
  </suite> <!-- Demo Test Suite for Jenkins Demo -->
</testng-results>
